{'experiment_idx': 'Ours_S10', 'learning_rate': 2.2e-05, 'betas': (0.9, 0.99), 'weight_decay': 0.086667, 'n_epochs': 50, 'batch_size': 32, 'embedding_dim': 128, 'hidden_dim': 16, 'n_encode_layers': 3, 'graph_size': 10, 'train_graphs': 50000, 'test_graphs': 10000, 'train_buffer_size': 1000000, 'test_buffer_size': 1000000, 'repeat_per_collect': 1, 'test_in_train': True, 'episode_per_collect': 50000, 'episode_per_test': 50000, 'step_per_epoch': 500000}
Epoch #1: test_reward: -92.740299 ± 23.470601, best_reward: -93.811648 ± 24.281913 in #0
{'test_reward': -92.740299388, 'test_reward_std': 23.470601466195635, 'best_reward': -93.81164770199997, 'best_reward_std': 24.28191282826766, 'best_epoch': 0, 'loss': -122.36011781692505, 'gradient_step': 20291, 'env_step': 649334, 'rew': 107.604172948, 'bl_rew': 78.206318736, 'len': 12, 'n/ep': 50000, 'n/st': 649334, 'epoch': 1}
Epoch #2: test_reward: -92.262234 ± 24.230429, best_reward: -93.811648 ± 24.281913 in #0
{'test_reward': -92.26223367799999, 'test_reward_std': 24.23042931149637, 'best_reward': -93.81164770199997, 'best_reward_std': 24.28191282826766, 'best_epoch': 0, 'loss': -63.08122525215149, 'gradient_step': 40573, 'env_step': 1298365, 'rew': 92.707180264, 'bl_rew': 78.206318736, 'len': 12, 'n/ep': 50000, 'n/st': 649031, 'epoch': 2}
Epoch #3: test_reward: -87.165959 ± 23.493924, best_reward: -93.811648 ± 24.281913 in #0
{'test_reward': -87.16595871999999, 'test_reward_std': 23.493923734317917, 'best_reward': -93.81164770199997, 'best_reward_std': 24.28191282826766, 'best_epoch': 0, 'loss': -81.58134846687317, 'gradient_step': 60849, 'env_step': 1947219, 'rew': 91.64733736000001, 'bl_rew': 78.206318736, 'len': 12, 'n/ep': 50000, 'n/st': 648854, 'epoch': 3}
Epoch #4: test_reward: -85.544455 ± 24.883438, best_reward: -93.811648 ± 24.281913 in #0
{'test_reward': -85.544455112, 'test_reward_std': 24.883437695089185, 'best_reward': -93.81164770199997, 'best_reward_std': 24.28191282826766, 'best_epoch': 0, 'loss': -27.632124338150025, 'gradient_step': 81133, 'env_step': 2596309, 'rew': 87.09189163, 'bl_rew': 78.206318736, 'len': 12, 'n/ep': 50000, 'n/st': 649090, 'epoch': 4}
Epoch #5: test_reward: -83.390790 ± 24.388982, best_reward: -93.811648 ± 24.281913 in #0
{'test_reward': -83.390789838, 'test_reward_std': 24.388982348741, 'best_reward': -93.81164770199997, 'best_reward_std': 24.28191282826766, 'best_epoch': 0, 'loss': -33.591245677471164, 'gradient_step': 101399, 'env_step': 3244847, 'rew': 85.02573652999999, 'bl_rew': 78.206318736, 'len': 12, 'n/ep': 50000, 'n/st': 648538, 'epoch': 5}
Epoch #6: test_reward: -82.445300 ± 23.834520, best_reward: -93.811648 ± 24.281913 in #0
{'test_reward': -82.44530001, 'test_reward_std': 23.834520326433157, 'best_reward': -93.81164770199997, 'best_reward_std': 24.28191282826766, 'best_epoch': 0, 'loss': -32.21107634425163, 'gradient_step': 121676, 'env_step': 3893714, 'rew': 83.07043152399999, 'bl_rew': 78.206318736, 'len': 12, 'n/ep': 50000, 'n/st': 648867, 'epoch': 6}
Epoch #7: test_reward: -82.995779 ± 23.494848, best_reward: -93.811648 ± 24.281913 in #0
{'test_reward': -82.99577914400001, 'test_reward_std': 23.494847854518493, 'best_reward': -93.81164770199997, 'best_reward_std': 24.28191282826766, 'best_epoch': 0, 'loss': -26.34945066213608, 'gradient_step': 141948, 'env_step': 4542418, 'rew': 82.48472067600001, 'bl_rew': 78.206318736, 'len': 12, 'n/ep': 50000, 'n/st': 648704, 'epoch': 7}
Epoch #8: test_reward: -81.175430 ± 21.571433, best_reward: -93.811648 ± 24.281913 in #0
{'test_reward': -81.175429702, 'test_reward_std': 21.57143323862481, 'best_reward': -93.81164770199997, 'best_reward_std': 24.28191282826766, 'best_epoch': 0, 'loss': -19.37633276104927, 'gradient_step': 162226, 'env_step': 5191332, 'rew': 82.001704374, 'bl_rew': 78.206318736, 'len': 12, 'n/ep': 50000, 'n/st': 648914, 'epoch': 8}
Epoch #9: test_reward: -82.181014 ± 21.496583, best_reward: -93.811648 ± 24.281913 in #0
{'test_reward': -82.18101421000001, 'test_reward_std': 21.496582641665505, 'best_reward': -93.81164770199997, 'best_reward_std': 24.28191282826766, 'best_epoch': 0, 'loss': -15.400091474950313, 'gradient_step': 182492, 'env_step': 5839859, 'rew': 79.797296024, 'bl_rew': 78.206318736, 'len': 12, 'n/ep': 50000, 'n/st': 648527, 'epoch': 9}
Epoch #10: test_reward: -81.353478 ± 21.680143, best_reward: -93.811648 ± 24.281913 in #0
{'test_reward': -81.35347798, 'test_reward_std': 21.680143463311314, 'best_reward': -93.81164770199997, 'best_reward_std': 24.28191282826766, 'best_epoch': 0, 'loss': -13.584402194023133, 'gradient_step': 202751, 'env_step': 6488175, 'rew': 81.00871424200001, 'bl_rew': 78.20631873600001, 'len': 12, 'n/ep': 50000, 'n/st': 648316, 'epoch': 10}
Epoch #11: test_reward: -81.338154 ± 21.952758, best_reward: -93.811648 ± 24.281913 in #0
{'test_reward': -81.338153694, 'test_reward_std': 21.952757971121176, 'best_reward': -93.81164770199997, 'best_reward_std': 24.28191282826766, 'best_epoch': 0, 'loss': -11.05813029229641, 'gradient_step': 223017, 'env_step': 7136709, 'rew': 80.899359498, 'bl_rew': 78.206318736, 'len': 12, 'n/ep': 50000, 'n/st': 648534, 'epoch': 11}
Epoch #12: test_reward: -82.587427 ± 21.873593, best_reward: -93.811648 ± 24.281913 in #0
{'test_reward': -82.587427238, 'test_reward_std': 21.873592723532298, 'best_reward': -93.81164770199997, 'best_reward_std': 24.28191282826766, 'best_epoch': 0, 'loss': -16.550113331079483, 'gradient_step': 243277, 'env_step': 7785034, 'rew': 79.98018974, 'bl_rew': 78.206318736, 'len': 12, 'n/ep': 50000, 'n/st': 648325, 'epoch': 12}
Epoch #13: test_reward: -82.333354 ± 22.104089, best_reward: -93.811648 ± 24.281913 in #0
{'test_reward': -82.33335399599999, 'test_reward_std': 22.104088536288742, 'best_reward': -93.81164770199997, 'best_reward_std': 24.28191282826766, 'best_epoch': 0, 'loss': -21.313925508856773, 'gradient_step': 263536, 'env_step': 8433332, 'rew': 80.347720912, 'bl_rew': 78.206318736, 'len': 12, 'n/ep': 50000, 'n/st': 648298, 'epoch': 13}
Epoch #14: test_reward: -81.020978 ± 21.686963, best_reward: -93.811648 ± 24.281913 in #0
{'test_reward': -81.020978356, 'test_reward_std': 21.68696276004976, 'best_reward': -93.81164770199997, 'best_reward_std': 24.28191282826766, 'best_epoch': 0, 'loss': -12.521819691210986, 'gradient_step': 283787, 'env_step': 9081382, 'rew': 80.47275602599998, 'bl_rew': 78.206318736, 'len': 12, 'n/ep': 50000, 'n/st': 648050, 'epoch': 14}
Epoch #15: test_reward: -81.259608 ± 21.859446, best_reward: -93.811648 ± 24.281913 in #0
{'test_reward': -81.25960817400001, 'test_reward_std': 21.859446156765213, 'best_reward': -93.81164770199997, 'best_reward_std': 24.28191282826766, 'best_epoch': 0, 'loss': -9.144699473530054, 'gradient_step': 304040, 'env_step': 9729504, 'rew': 79.778975256, 'bl_rew': 78.206318736, 'len': 12, 'n/ep': 50000, 'n/st': 648122, 'epoch': 15}
Epoch #16: test_reward: -81.938874 ± 21.974325, best_reward: -93.811648 ± 24.281913 in #0
{'test_reward': -81.938873536, 'test_reward_std': 21.974324679964734, 'best_reward': -93.81164770199997, 'best_reward_std': 24.28191282826766, 'best_epoch': 0, 'loss': -15.669275096654893, 'gradient_step': 324298, 'env_step': 10377781, 'rew': 79.934451624, 'bl_rew': 78.206318736, 'len': 12, 'n/ep': 50000, 'n/st': 648277, 'epoch': 16}
Epoch #17: test_reward: -82.424302 ± 21.912520, best_reward: -93.811648 ± 24.281913 in #0
{'test_reward': -82.42430225200002, 'test_reward_std': 21.912520040291973, 'best_reward': -93.81164770199997, 'best_reward_std': 24.28191282826766, 'best_epoch': 0, 'loss': -16.91862536430359, 'gradient_step': 344547, 'env_step': 11025761, 'rew': 79.61496785199999, 'bl_rew': 78.206318736, 'len': 12, 'n/ep': 50000, 'n/st': 647980, 'epoch': 17}
Epoch #18: test_reward: -82.176295 ± 22.509042, best_reward: -93.811648 ± 24.281913 in #0
{'test_reward': -82.176294526, 'test_reward_std': 22.509041725944805, 'best_reward': -93.81164770199997, 'best_reward_std': 24.28191282826766, 'best_epoch': 0, 'loss': -12.002936310768128, 'gradient_step': 364782, 'env_step': 11673297, 'rew': 81.102366456, 'bl_rew': 78.206318736, 'len': 12, 'n/ep': 50000, 'n/st': 647536, 'epoch': 18}
Epoch #19: test_reward: -81.126917 ± 21.646514, best_reward: -93.811648 ± 24.281913 in #0
{'test_reward': -81.12691744199999, 'test_reward_std': 21.64651365793729, 'best_reward': -93.81164770199997, 'best_reward_std': 24.28191282826766, 'best_epoch': 0, 'loss': -15.177533106803894, 'gradient_step': 385031, 'env_step': 12321269, 'rew': 79.97527174, 'bl_rew': 78.206318736, 'len': 12, 'n/ep': 50000, 'n/st': 647972, 'epoch': 19}
Epoch #20: test_reward: -81.796507 ± 21.944042, best_reward: -93.811648 ± 24.281913 in #0
{'test_reward': -81.796507226, 'test_reward_std': 21.94404244883307, 'best_reward': -93.81164770199997, 'best_reward_std': 24.28191282826766, 'best_epoch': 0, 'loss': -8.835010451972485, 'gradient_step': 405268, 'env_step': 12968862, 'rew': 80.063057364, 'bl_rew': 78.206318736, 'len': 12, 'n/ep': 50000, 'n/st': 647593, 'epoch': 20}
Epoch #21: test_reward: -81.850060 ± 21.949464, best_reward: -93.811648 ± 24.281913 in #0
{'test_reward': -81.850060022, 'test_reward_std': 21.949464338405946, 'best_reward': -93.81164770199997, 'best_reward_std': 24.28191282826766, 'best_epoch': 0, 'loss': -16.054854564666748, 'gradient_step': 425512, 'env_step': 13616684, 'rew': 80.020910234, 'bl_rew': 78.206318736, 'len': 12, 'n/ep': 50000, 'n/st': 647822, 'epoch': 21}
Epoch #22: test_reward: -82.104953 ± 22.159667, best_reward: -93.811648 ± 24.281913 in #0
{'test_reward': -82.104953078, 'test_reward_std': 22.159667259548463, 'best_reward': -93.81164770199997, 'best_reward_std': 24.28191282826766, 'best_epoch': 0, 'loss': -17.968273582458497, 'gradient_step': 445755, 'env_step': 14264464, 'rew': 80.316752874, 'bl_rew': 78.206318736, 'len': 12, 'n/ep': 50000, 'n/st': 647780, 'epoch': 22}
Epoch #23: test_reward: -81.147548 ± 21.628452, best_reward: -93.811648 ± 24.281913 in #0
{'test_reward': -81.14754802400002, 'test_reward_std': 21.628452455542753, 'best_reward': -93.81164770199997, 'best_reward_std': 24.28191282826766, 'best_epoch': 0, 'loss': -18.246739414930342, 'gradient_step': 465993, 'env_step': 14912095, 'rew': 80.8171495, 'bl_rew': 78.206318736, 'len': 12, 'n/ep': 50000, 'n/st': 647631, 'epoch': 23}
Epoch #24: test_reward: -81.446873 ± 21.651090, best_reward: -93.811648 ± 24.281913 in #0
{'test_reward': -81.446872938, 'test_reward_std': 21.651090258621494, 'best_reward': -93.81164770199997, 'best_reward_std': 24.28191282826766, 'best_epoch': 0, 'loss': -16.384638036489488, 'gradient_step': 486227, 'env_step': 15559586, 'rew': 79.433952714, 'bl_rew': 78.206318736, 'len': 12, 'n/ep': 50000, 'n/st': 647491, 'epoch': 24}
Epoch #25: test_reward: -82.126042 ± 22.403281, best_reward: -93.811648 ± 24.281913 in #0
{'test_reward': -82.126042396, 'test_reward_std': 22.403281448897673, 'best_reward': -93.81164770199997, 'best_reward_std': 24.28191282826766, 'best_epoch': 0, 'loss': -14.501934559047221, 'gradient_step': 506461, 'env_step': 16207104, 'rew': 80.05223984, 'bl_rew': 78.206318736, 'len': 12, 'n/ep': 50000, 'n/st': 647518, 'epoch': 25}
Epoch #26: test_reward: -81.805739 ± 21.830681, best_reward: -93.811648 ± 24.281913 in #0
{'test_reward': -81.80573867199999, 'test_reward_std': 21.830681432657627, 'best_reward': -93.81164770199997, 'best_reward_std': 24.28191282826766, 'best_epoch': 0, 'loss': -12.032841185331344, 'gradient_step': 526697, 'env_step': 16854679, 'rew': 79.41756886799999, 'bl_rew': 78.20631873600001, 'len': 12, 'n/ep': 50000, 'n/st': 647575, 'epoch': 26}
Epoch #27: test_reward: -81.627209 ± 21.597680, best_reward: -93.811648 ± 24.281913 in #0
{'test_reward': -81.627209072, 'test_reward_std': 21.59768016173277, 'best_reward': -93.81164770199997, 'best_reward_std': 24.28191282826766, 'best_epoch': 0, 'loss': -18.368273855447768, 'gradient_step': 546928, 'env_step': 17502100, 'rew': 80.01033788, 'bl_rew': 78.20631873599999, 'len': 12, 'n/ep': 50000, 'n/st': 647421, 'epoch': 27}
Epoch #28: test_reward: -82.442092 ± 22.142050, best_reward: -93.811648 ± 24.281913 in #0
{'test_reward': -82.44209229799999, 'test_reward_std': 22.142050408519616, 'best_reward': -93.81164770199997, 'best_reward_std': 24.28191282826766, 'best_epoch': 0, 'loss': -14.428737639784813, 'gradient_step': 567166, 'env_step': 18149722, 'rew': 79.40182258600001, 'bl_rew': 78.206318736, 'len': 12, 'n/ep': 50000, 'n/st': 647622, 'epoch': 28}
Epoch #29: test_reward: -82.506208 ± 22.194175, best_reward: -93.811648 ± 24.281913 in #0
{'test_reward': -82.506207702, 'test_reward_std': 22.194174863345935, 'best_reward': -93.81164770199997, 'best_reward_std': 24.28191282826766, 'best_epoch': 0, 'loss': -14.917795831561088, 'gradient_step': 587396, 'env_step': 18797109, 'rew': 80.196637238, 'bl_rew': 78.206318736, 'len': 12, 'n/ep': 50000, 'n/st': 647387, 'epoch': 29}
Epoch #30: test_reward: -82.225227 ± 21.926747, best_reward: -93.811648 ± 24.281913 in #0
{'test_reward': -82.22522743800002, 'test_reward_std': 21.926747240046037, 'best_reward': -93.81164770199997, 'best_reward_std': 24.28191282826766, 'best_epoch': 0, 'loss': -15.517139459848403, 'gradient_step': 607623, 'env_step': 19444377, 'rew': 80.391224694, 'bl_rew': 78.206318736, 'len': 12, 'n/ep': 50000, 'n/st': 647268, 'epoch': 30}
Epoch #31: test_reward: -82.559568 ± 21.979215, best_reward: -93.811648 ± 24.281913 in #0
{'test_reward': -82.559568286, 'test_reward_std': 21.979214572274582, 'best_reward': -93.81164770199997, 'best_reward_std': 24.28191282826766, 'best_epoch': 0, 'loss': -16.335878677368164, 'gradient_step': 627852, 'env_step': 20091736, 'rew': 79.951239318, 'bl_rew': 78.20631873600001, 'len': 12, 'n/ep': 50000, 'n/st': 647359, 'epoch': 31}
Epoch #32: test_reward: -82.126623 ± 21.778461, best_reward: -93.811648 ± 24.281913 in #0
{'test_reward': -82.126623084, 'test_reward_std': 21.77846139390249, 'best_reward': -93.81164770199997, 'best_reward_std': 24.28191282826766, 'best_epoch': 0, 'loss': -17.354017473459244, 'gradient_step': 648077, 'env_step': 20738965, 'rew': 79.930936784, 'bl_rew': 78.20631873599999, 'len': 12, 'n/ep': 50000, 'n/st': 647229, 'epoch': 32}
Epoch #33: test_reward: -83.203373 ± 22.083441, best_reward: -93.811648 ± 24.281913 in #0
{'test_reward': -83.203372864, 'test_reward_std': 22.083441365109053, 'best_reward': -93.81164770199997, 'best_reward_std': 24.28191282826766, 'best_epoch': 0, 'loss': -15.116736100912094, 'gradient_step': 668302, 'env_step': 21386195, 'rew': 79.7768584, 'bl_rew': 78.206318736, 'len': 12, 'n/ep': 50000, 'n/st': 647230, 'epoch': 33}
Epoch #34: test_reward: -82.187038 ± 21.962359, best_reward: -93.811648 ± 24.281913 in #0
{'test_reward': -82.187038474, 'test_reward_std': 21.96235904786929, 'best_reward': -93.81164770199997, 'best_reward_std': 24.28191282826766, 'best_epoch': 0, 'loss': -7.355630341768265, 'gradient_step': 688529, 'env_step': 22033490, 'rew': 79.774531994, 'bl_rew': 78.206318736, 'len': 12, 'n/ep': 50000, 'n/st': 647295, 'epoch': 34}
Epoch #35: test_reward: -82.355317 ± 21.644251, best_reward: -93.811648 ± 24.281913 in #0
{'test_reward': -82.355317056, 'test_reward_std': 21.644250763911536, 'best_reward': -93.81164770199997, 'best_reward_std': 24.28191282826766, 'best_epoch': 0, 'loss': -13.134600988328456, 'gradient_step': 708753, 'env_step': 22680662, 'rew': 79.822033244, 'bl_rew': 78.206318736, 'len': 12, 'n/ep': 50000, 'n/st': 647172, 'epoch': 35}
Epoch #36: test_reward: -81.735912 ± 21.280697, best_reward: -93.811648 ± 24.281913 in #0
{'test_reward': -81.73591167000001, 'test_reward_std': 21.280696753655807, 'best_reward': -93.81164770199997, 'best_reward_std': 24.28191282826766, 'best_epoch': 0, 'loss': -17.156463728547095, 'gradient_step': 728972, 'env_step': 23327671, 'rew': 80.244757004, 'bl_rew': 78.206318736, 'len': 12, 'n/ep': 50000, 'n/st': 647009, 'epoch': 36}
Epoch #37: test_reward: -81.909372 ± 21.371833, best_reward: -93.811648 ± 24.281913 in #0
{'test_reward': -81.909372096, 'test_reward_std': 21.37183280555725, 'best_reward': -93.81164770199997, 'best_reward_std': 24.28191282826766, 'best_epoch': 0, 'loss': -16.98338761296356, 'gradient_step': 749194, 'env_step': 23974778, 'rew': 79.51131904799999, 'bl_rew': 78.206318736, 'len': 12, 'n/ep': 50000, 'n/st': 647107, 'epoch': 37}
Epoch #38: test_reward: -82.659849 ± 22.052583, best_reward: -93.811648 ± 24.281913 in #0
{'test_reward': -82.65984948, 'test_reward_std': 22.052582715657298, 'best_reward': -93.81164770199997, 'best_reward_std': 24.28191282826766, 'best_epoch': 0, 'loss': -13.25864356637001, 'gradient_step': 769419, 'env_step': 24621984, 'rew': 79.487532458, 'bl_rew': 78.206318736, 'len': 12, 'n/ep': 50000, 'n/st': 647206, 'epoch': 38}
Epoch #39: test_reward: -82.420692 ± 21.881262, best_reward: -93.811648 ± 24.281913 in #0
{'test_reward': -82.42069216, 'test_reward_std': 21.881261771726397, 'best_reward': -93.81164770199997, 'best_reward_std': 24.28191282826766, 'best_epoch': 0, 'loss': -12.999149891138076, 'gradient_step': 789650, 'env_step': 25269390, 'rew': 79.456856538, 'bl_rew': 78.206318736, 'len': 12, 'n/ep': 50000, 'n/st': 647406, 'epoch': 39}
Epoch #40: test_reward: -83.389618 ± 22.511949, best_reward: -93.811648 ± 24.281913 in #0
{'test_reward': -83.389618262, 'test_reward_std': 22.51194932420147, 'best_reward': -93.81164770199997, 'best_reward_std': 24.28191282826766, 'best_epoch': 0, 'loss': -15.850177173614503, 'gradient_step': 809874, 'env_step': 25916576, 'rew': 79.66960883999998, 'bl_rew': 78.206318736, 'len': 12, 'n/ep': 50000, 'n/st': 647186, 'epoch': 40}
Epoch #41: test_reward: -83.128405 ± 22.031459, best_reward: -93.811648 ± 24.281913 in #0
{'test_reward': -83.12840496800001, 'test_reward_std': 22.031458694313415, 'best_reward': -93.81164770199997, 'best_reward_std': 24.28191282826766, 'best_epoch': 0, 'loss': -17.556977030932902, 'gradient_step': 830097, 'env_step': 26563743, 'rew': 80.050429538, 'bl_rew': 78.20631873599999, 'len': 12, 'n/ep': 50000, 'n/st': 647167, 'epoch': 41}
Epoch #42: test_reward: -83.208146 ± 22.644715, best_reward: -93.811648 ± 24.281913 in #0
{'test_reward': -83.208145844, 'test_reward_std': 22.64471501261488, 'best_reward': -93.81164770199997, 'best_reward_std': 24.28191282826766, 'best_epoch': 0, 'loss': -15.130150213241578, 'gradient_step': 850317, 'env_step': 27210797, 'rew': 80.093522132, 'bl_rew': 78.20631873600001, 'len': 12, 'n/ep': 50000, 'n/st': 647054, 'epoch': 42}
Epoch #43: test_reward: -83.817327 ± 22.913521, best_reward: -93.811648 ± 24.281913 in #0
{'test_reward': -83.817327244, 'test_reward_std': 22.913520938251907, 'best_reward': -93.81164770199997, 'best_reward_std': 24.28191282826766, 'best_epoch': 0, 'loss': -11.886759073734284, 'gradient_step': 870539, 'env_step': 27857917, 'rew': 79.51068824999999, 'bl_rew': 78.206318736, 'len': 12, 'n/ep': 50000, 'n/st': 647120, 'epoch': 43}
Epoch #44: test_reward: -82.811474 ± 22.602759, best_reward: -93.811648 ± 24.281913 in #0
{'test_reward': -82.811473694, 'test_reward_std': 22.602759245939435, 'best_reward': -93.81164770199997, 'best_reward_std': 24.28191282826766, 'best_epoch': 0, 'loss': -17.565623190402984, 'gradient_step': 890759, 'env_step': 28504978, 'rew': 79.60450883600001, 'bl_rew': 78.20631873599999, 'len': 12, 'n/ep': 50000, 'n/st': 647061, 'epoch': 44}
Epoch #45: test_reward: -83.635234 ± 22.728102, best_reward: -93.811648 ± 24.281913 in #0
{'test_reward': -83.635233848, 'test_reward_std': 22.728101541431972, 'best_reward': -93.81164770199997, 'best_reward_std': 24.28191282826766, 'best_epoch': 0, 'loss': -8.779927694201469, 'gradient_step': 910984, 'env_step': 29152201, 'rew': 79.30774942599999, 'bl_rew': 78.206318736, 'len': 12, 'n/ep': 50000, 'n/st': 647223, 'epoch': 45}
Epoch #46: test_reward: -83.164079 ± 22.648529, best_reward: -93.811648 ± 24.281913 in #0
{'test_reward': -83.16407888799999, 'test_reward_std': 22.648528617945047, 'best_reward': -93.81164770199997, 'best_reward_std': 24.28191282826766, 'best_epoch': 0, 'loss': -10.947161561250686, 'gradient_step': 931205, 'env_step': 29799289, 'rew': 79.24211585200001, 'bl_rew': 78.206318736, 'len': 12, 'n/ep': 50000, 'n/st': 647088, 'epoch': 46}
Epoch #47: test_reward: -83.325247 ± 22.567741, best_reward: -93.811648 ± 24.281913 in #0
{'test_reward': -83.32524684599998, 'test_reward_std': 22.567741035790526, 'best_reward': -93.81164770199997, 'best_reward_std': 24.28191282826766, 'best_epoch': 0, 'loss': -12.74200561106205, 'gradient_step': 951429, 'env_step': 30446467, 'rew': 79.488411056, 'bl_rew': 78.206318736, 'len': 12, 'n/ep': 50000, 'n/st': 647178, 'epoch': 47}
Epoch #48: test_reward: -82.738403 ± 22.266080, best_reward: -93.811648 ± 24.281913 in #0
{'test_reward': -82.738402892, 'test_reward_std': 22.26608004177789, 'best_reward': -93.81164770199997, 'best_reward_std': 24.28191282826766, 'best_epoch': 0, 'loss': -12.186066633462906, 'gradient_step': 971654, 'env_step': 31093671, 'rew': 79.64446141200001, 'bl_rew': 78.206318736, 'len': 12, 'n/ep': 50000, 'n/st': 647204, 'epoch': 48}
Epoch #49: test_reward: -83.874688 ± 22.437966, best_reward: -93.811648 ± 24.281913 in #0
{'test_reward': -83.87468761400001, 'test_reward_std': 22.43796605759023, 'best_reward': -93.81164770199997, 'best_reward_std': 24.28191282826766, 'best_epoch': 0, 'loss': -14.788926500678063, 'gradient_step': 991876, 'env_step': 31740806, 'rew': 79.71661212200002, 'bl_rew': 78.206318736, 'len': 12, 'n/ep': 50000, 'n/st': 647135, 'epoch': 49}
Epoch #50: test_reward: -83.103825 ± 22.441708, best_reward: -93.811648 ± 24.281913 in #0
{'test_reward': -83.103824522, 'test_reward_std': 22.441707924724625, 'best_reward': -93.81164770199997, 'best_reward_std': 24.28191282826766, 'best_epoch': 0, 'loss': -15.216229943931102, 'gradient_step': 1012094, 'env_step': 32387797, 'rew': 79.815523576, 'bl_rew': 78.206318736, 'len': 12, 'n/ep': 50000, 'n/st': 646991, 'epoch': 50}
Finished Training



Train Results: {'n/ep': 10000, 'n/st': 129604, 'rews': array([-59.0725, -95.5362, -53.5441, ..., -61.5853, -74.7848, -74.0811]), 'bl_rews': array([ -99.2907, -143.1611, -145.9174, ...,  -84.3038, -110.72  ,
       -162.5832]), 'lens': array([11, 11, 11, ..., 14, 14, 14]), 'idxs': array([ 50666,  74066,  76166, ..., 998770, 999470, 999870]), 'rew': -83.10661533999999, 'bl_rew': -142.124171, 'len': 12.9604, 'rew_std': 22.442592939019118, 'len_std': 0.5981904713383521}
Test Results: {'n/ep': 10000, 'n/st': 129604, 'rews': array([-59.0725, -95.5362, -53.5441, ..., -61.5853, -74.7848, -74.0811]), 'bl_rews': array([ -99.2907, -143.1611, -145.9174, ...,  -84.3038, -110.72  ,
       -162.5832]), 'lens': array([11, 11, 11, ..., 14, 14, 14]), 'idxs': array([ 50666,  74066,  76166, ..., 998770, 999470, 999870]), 'rew': -83.10661533999999, 'bl_rew': -142.124171, 'len': 12.9604, 'rew_std': 22.442592939019118, 'len_std': 0.5981904713383521}
