{'experiment_idx': 'AM_S10', 'learning_rate': 5e-05, 'betas': (0.9, 0.99), 'weight_decay': 0.0005, 'n_epochs': 50, 'batch_size': 32, 'embedding_dim': 64, 'hidden_dim': 16, 'n_encode_layers': 2, 'graph_size': 10, 'train_graphs': 50000, 'test_graphs': 10000, 'train_buffer_size': 1000000, 'test_buffer_size': 1000000, 'repeat_per_collect': 1, 'test_in_train': True, 'episode_per_collect': 50000, 'episode_per_test': 50000, 'step_per_epoch': 500000}
Epoch #1: test_reward: -91.196962 ± 23.241965, best_reward: -107.954536 ± 26.389528 in #0
{'test_reward': -91.196962152, 'test_reward_std': 23.24196461502624, 'best_reward': -107.95453610000001, 'best_reward_std': 26.389528140899905, 'best_epoch': 0, 'loss': -98.30200559616088, 'gradient_step': 20298, 'env_step': 649563, 'rew': 103.92320855799998, 'bl_rew': 78.206318736, 'len': 12, 'n/ep': 50000, 'n/st': 649563, 'epoch': 1}
Epoch #2: test_reward: -86.698731 ± 22.495567, best_reward: -107.954536 ± 26.389528 in #0
{'test_reward': -86.698730628, 'test_reward_std': 22.495567467875414, 'best_reward': -107.95453610000001, 'best_reward_std': 26.389528140899905, 'best_epoch': 0, 'loss': -57.337308364510534, 'gradient_step': 40573, 'env_step': 1298373, 'rew': 91.55748985599999, 'bl_rew': 78.206318736, 'len': 12, 'n/ep': 50000, 'n/st': 648810, 'epoch': 2}
Epoch #3: test_reward: -85.405007 ± 22.956877, best_reward: -107.954536 ± 26.389528 in #0
{'test_reward': -85.40500741199997, 'test_reward_std': 22.956877444951072, 'best_reward': -107.95453610000001, 'best_reward_std': 26.389528140899905, 'best_epoch': 0, 'loss': -23.22873130917549, 'gradient_step': 60843, 'env_step': 1947026, 'rew': 86.85562157, 'bl_rew': 78.20631873600001, 'len': 12, 'n/ep': 50000, 'n/st': 648653, 'epoch': 3}
Epoch #4: test_reward: -83.235759 ± 21.995556, best_reward: -107.954536 ± 26.389528 in #0
{'test_reward': -83.23575909200001, 'test_reward_std': 21.99555603172453, 'best_reward': -107.95453610000001, 'best_reward_std': 26.389528140899905, 'best_epoch': 0, 'loss': -15.950364176034928, 'gradient_step': 81108, 'env_step': 2595523, 'rew': 85.64344222, 'bl_rew': 78.20631873599999, 'len': 12, 'n/ep': 50000, 'n/st': 648497, 'epoch': 4}
Epoch #5: test_reward: -85.304876 ± 22.998721, best_reward: -107.954536 ± 26.389528 in #0
{'test_reward': -85.304875892, 'test_reward_std': 22.998721469721563, 'best_reward': -107.95453610000001, 'best_reward_std': 26.389528140899905, 'best_epoch': 0, 'loss': -16.156415790319443, 'gradient_step': 101352, 'env_step': 3243341, 'rew': 83.392562664, 'bl_rew': 78.206318736, 'len': 12, 'n/ep': 50000, 'n/st': 647818, 'epoch': 5}
Epoch #6: test_reward: -83.756532 ± 21.628768, best_reward: -107.954536 ± 26.389528 in #0
{'test_reward': -83.75653222999999, 'test_reward_std': 21.628768137011054, 'best_reward': -107.95453610000001, 'best_reward_std': 26.389528140899905, 'best_epoch': 0, 'loss': -16.40108286321163, 'gradient_step': 121596, 'env_step': 3891153, 'rew': 85.233777878, 'bl_rew': 78.206318736, 'len': 12, 'n/ep': 50000, 'n/st': 647812, 'epoch': 6}
Epoch #7: test_reward: -84.283205 ± 22.447824, best_reward: -107.954536 ± 26.389528 in #0
{'test_reward': -84.28320465800002, 'test_reward_std': 22.447823996737487, 'best_reward': -107.95453610000001, 'best_reward_std': 26.389528140899905, 'best_epoch': 0, 'loss': -10.664199864268303, 'gradient_step': 141840, 'env_step': 4538962, 'rew': 83.960694478, 'bl_rew': 78.206318736, 'len': 12, 'n/ep': 50000, 'n/st': 647809, 'epoch': 7}
Epoch #8: test_reward: -83.148146 ± 21.554354, best_reward: -107.954536 ± 26.389528 in #0
{'test_reward': -83.148146314, 'test_reward_std': 21.554353814589646, 'best_reward': -107.95453610000001, 'best_reward_std': 26.389528140899905, 'best_epoch': 0, 'loss': -14.192760444283486, 'gradient_step': 162080, 'env_step': 5186658, 'rew': 84.330016186, 'bl_rew': 78.206318736, 'len': 12, 'n/ep': 50000, 'n/st': 647696, 'epoch': 8}
Epoch #9: test_reward: -84.752745 ± 22.431778, best_reward: -107.954536 ± 26.389528 in #0
{'test_reward': -84.75274516600001, 'test_reward_std': 22.431778422267765, 'best_reward': -107.95453610000001, 'best_reward_std': 26.389528140899905, 'best_epoch': 0, 'loss': -11.741705816984176, 'gradient_step': 182321, 'env_step': 5834386, 'rew': 83.377046546, 'bl_rew': 78.206318736, 'len': 12, 'n/ep': 50000, 'n/st': 647728, 'epoch': 9}
Epoch #10: test_reward: -84.182195 ± 22.012501, best_reward: -107.954536 ± 26.389528 in #0
{'test_reward': -84.18219494200001, 'test_reward_std': 22.012501318483665, 'best_reward': -107.95453610000001, 'best_reward_std': 26.389528140899905, 'best_epoch': 0, 'loss': -14.940142681598664, 'gradient_step': 202564, 'env_step': 6482191, 'rew': 84.95992227800001, 'bl_rew': 78.206318736, 'len': 12, 'n/ep': 50000, 'n/st': 647805, 'epoch': 10}
Epoch #11: test_reward: -87.483687 ± 23.210131, best_reward: -107.954536 ± 26.389528 in #0
{'test_reward': -87.48368725600001, 'test_reward_std': 23.210131499721022, 'best_reward': -107.95453610000001, 'best_reward_std': 26.389528140899905, 'best_epoch': 0, 'loss': -16.67826289921999, 'gradient_step': 222793, 'env_step': 7129541, 'rew': 84.48723723, 'bl_rew': 78.206318736, 'len': 12, 'n/ep': 50000, 'n/st': 647350, 'epoch': 11}
Epoch #12: test_reward: -85.640161 ± 22.522043, best_reward: -107.954536 ± 26.389528 in #0
{'test_reward': -85.64016140000001, 'test_reward_std': 22.52204261113189, 'best_reward': -107.95453610000001, 'best_reward_std': 26.389528140899905, 'best_epoch': 0, 'loss': -27.24798557281494, 'gradient_step': 243029, 'env_step': 7777112, 'rew': 87.94777331600001, 'bl_rew': 78.206318736, 'len': 12, 'n/ep': 50000, 'n/st': 647571, 'epoch': 12}
Epoch #13: test_reward: -87.736774 ± 23.403660, best_reward: -107.954536 ± 26.389528 in #0
{'test_reward': -87.73677422000002, 'test_reward_std': 23.403659663961733, 'best_reward': -107.95453610000001, 'best_reward_std': 26.389528140899905, 'best_epoch': 0, 'loss': -27.140305609703063, 'gradient_step': 263250, 'env_step': 8424188, 'rew': 85.91621391000001, 'bl_rew': 78.206318736, 'len': 12, 'n/ep': 50000, 'n/st': 647076, 'epoch': 13}
Epoch #14: test_reward: -87.125013 ± 22.791137, best_reward: -107.954536 ± 26.389528 in #0
{'test_reward': -87.12501300000001, 'test_reward_std': 22.791137020015736, 'best_reward': -107.95453610000001, 'best_reward_std': 26.389528140899905, 'best_epoch': 0, 'loss': -26.738794091939926, 'gradient_step': 283490, 'env_step': 9071879, 'rew': 87.84718784600001, 'bl_rew': 78.206318736, 'len': 12, 'n/ep': 50000, 'n/st': 647691, 'epoch': 14}
Epoch #15: test_reward: -87.833305 ± 23.214648, best_reward: -107.954536 ± 26.389528 in #0
{'test_reward': -87.83330518400001, 'test_reward_std': 23.214648305856162, 'best_reward': -107.95453610000001, 'best_reward_std': 26.389528140899905, 'best_epoch': 0, 'loss': -24.827030646800996, 'gradient_step': 303716, 'env_step': 9719120, 'rew': 87.58070738600001, 'bl_rew': 78.206318736, 'len': 12, 'n/ep': 50000, 'n/st': 647241, 'epoch': 15}
Epoch #16: test_reward: -86.348345 ± 22.587228, best_reward: -107.954536 ± 26.389528 in #0
{'test_reward': -86.348344612, 'test_reward_std': 22.587227969503363, 'best_reward': -107.95453610000001, 'best_reward_std': 26.389528140899905, 'best_epoch': 0, 'loss': -23.890187403559686, 'gradient_step': 323945, 'env_step': 10366456, 'rew': 87.83077446600001, 'bl_rew': 78.20631873600001, 'len': 12, 'n/ep': 50000, 'n/st': 647336, 'epoch': 16}
Epoch #17: test_reward: -88.805295 ± 24.073331, best_reward: -107.954536 ± 26.389528 in #0
{'test_reward': -88.80529517400001, 'test_reward_std': 24.073331207219926, 'best_reward': -107.95453610000001, 'best_reward_std': 26.389528140899905, 'best_epoch': 0, 'loss': -25.7619229722023, 'gradient_step': 344165, 'env_step': 11013498, 'rew': 86.54065587999999, 'bl_rew': 78.206318736, 'len': 12, 'n/ep': 50000, 'n/st': 647042, 'epoch': 17}
Epoch #18: test_reward: -87.305545 ± 22.829033, best_reward: -107.954536 ± 26.389528 in #0
{'test_reward': -87.30554538999999, 'test_reward_std': 22.82903312471368, 'best_reward': -107.95453610000001, 'best_reward_std': 26.389528140899905, 'best_epoch': 0, 'loss': -27.731374654769898, 'gradient_step': 364398, 'env_step': 11660968, 'rew': 88.80021098599998, 'bl_rew': 78.206318736, 'len': 12, 'n/ep': 50000, 'n/st': 647470, 'epoch': 18}
Epoch #19: test_reward: -87.596084 ± 23.116487, best_reward: -107.954536 ± 26.389528 in #0
{'test_reward': -87.59608378799999, 'test_reward_std': 23.116486780147525, 'best_reward': -107.95453610000001, 'best_reward_std': 26.389528140899905, 'best_epoch': 0, 'loss': -27.832682955265046, 'gradient_step': 384613, 'env_step': 12307869, 'rew': 87.42887226399999, 'bl_rew': 78.206318736, 'len': 12, 'n/ep': 50000, 'n/st': 646901, 'epoch': 19}
Epoch #20: test_reward: -88.088182 ± 23.013602, best_reward: -107.954536 ± 26.389528 in #0
{'test_reward': -88.088182492, 'test_reward_std': 23.01360193868144, 'best_reward': -107.95453610000001, 'best_reward_std': 26.389528140899905, 'best_epoch': 0, 'loss': -22.056518991589545, 'gradient_step': 404837, 'env_step': 12955052, 'rew': 87.71145138, 'bl_rew': 78.206318736, 'len': 12, 'n/ep': 50000, 'n/st': 647183, 'epoch': 20}
Epoch #21: test_reward: -88.085167 ± 22.960775, best_reward: -107.954536 ± 26.389528 in #0
{'test_reward': -88.08516712799998, 'test_reward_std': 22.960774677152095, 'best_reward': -107.95453610000001, 'best_reward_std': 26.389528140899905, 'best_epoch': 0, 'loss': -33.46995835512877, 'gradient_step': 425060, 'env_step': 13602190, 'rew': 88.33400540199999, 'bl_rew': 78.20631873599999, 'len': 12, 'n/ep': 50000, 'n/st': 647138, 'epoch': 21}
Epoch #22: test_reward: -87.380613 ± 22.497445, best_reward: -107.954536 ± 26.389528 in #0
{'test_reward': -87.38061278999999, 'test_reward_std': 22.497444637493793, 'best_reward': -107.95453610000001, 'best_reward_std': 26.389528140899905, 'best_epoch': 0, 'loss': -24.69216289460659, 'gradient_step': 445278, 'env_step': 14249194, 'rew': 88.20038235999999, 'bl_rew': 78.206318736, 'len': 12, 'n/ep': 50000, 'n/st': 647004, 'epoch': 22}
Epoch #23: test_reward: -88.833138 ± 23.083694, best_reward: -107.954536 ± 26.389528 in #0
{'test_reward': -88.83313753400002, 'test_reward_std': 23.08369387241803, 'best_reward': -107.95453610000001, 'best_reward_std': 26.389528140899905, 'best_epoch': 0, 'loss': -34.17830079555512, 'gradient_step': 465497, 'env_step': 14896209, 'rew': 87.66710897400002, 'bl_rew': 78.206318736, 'len': 12, 'n/ep': 50000, 'n/st': 647015, 'epoch': 23}
Epoch #24: test_reward: -88.279383 ± 22.762850, best_reward: -107.954536 ± 26.389528 in #0
{'test_reward': -88.27938296999999, 'test_reward_std': 22.76284962903509, 'best_reward': -107.95453610000001, 'best_reward_std': 26.389528140899905, 'best_epoch': 0, 'loss': -31.07342850923538, 'gradient_step': 485721, 'env_step': 15543407, 'rew': 89.07066415199999, 'bl_rew': 78.206318736, 'len': 12, 'n/ep': 50000, 'n/st': 647198, 'epoch': 24}
Epoch #25: test_reward: -87.285554 ± 22.685303, best_reward: -107.954536 ± 26.389528 in #0
{'test_reward': -87.285554484, 'test_reward_std': 22.685303158507576, 'best_reward': -107.95453610000001, 'best_reward_std': 26.389528140899905, 'best_epoch': 0, 'loss': -32.14710523486137, 'gradient_step': 505936, 'env_step': 16190292, 'rew': 88.46912357400002, 'bl_rew': 78.206318736, 'len': 12, 'n/ep': 50000, 'n/st': 646885, 'epoch': 25}
Epoch #26: test_reward: -87.786458 ± 22.734834, best_reward: -107.954536 ± 26.389528 in #0
{'test_reward': -87.786458314, 'test_reward_std': 22.734833645788402, 'best_reward': -107.95453610000001, 'best_reward_std': 26.389528140899905, 'best_epoch': 0, 'loss': -22.728763573169708, 'gradient_step': 526153, 'env_step': 16837266, 'rew': 87.32437055200002, 'bl_rew': 78.206318736, 'len': 12, 'n/ep': 50000, 'n/st': 646974, 'epoch': 26}
Epoch #27: test_reward: -89.235398 ± 23.342108, best_reward: -107.954536 ± 26.389528 in #0
{'test_reward': -89.235397942, 'test_reward_std': 23.342107587874057, 'best_reward': -107.95453610000001, 'best_reward_std': 26.389528140899905, 'best_epoch': 0, 'loss': -28.539230526089668, 'gradient_step': 546371, 'env_step': 17484257, 'rew': 88.21402419399999, 'bl_rew': 78.206318736, 'len': 12, 'n/ep': 50000, 'n/st': 646991, 'epoch': 27}
Epoch #28: test_reward: -88.944128 ± 22.902261, best_reward: -107.954536 ± 26.389528 in #0
{'test_reward': -88.94412819400002, 'test_reward_std': 22.902261318273155, 'best_reward': -107.95453610000001, 'best_reward_std': 26.389528140899905, 'best_epoch': 0, 'loss': -30.884767620563508, 'gradient_step': 566583, 'env_step': 18131052, 'rew': 89.09881105999999, 'bl_rew': 78.206318736, 'len': 12, 'n/ep': 50000, 'n/st': 646795, 'epoch': 28}
Epoch #29: test_reward: -87.820762 ± 22.655712, best_reward: -107.954536 ± 26.389528 in #0
{'test_reward': -87.820761646, 'test_reward_std': 22.655711589329176, 'best_reward': -107.95453610000001, 'best_reward_std': 26.389528140899905, 'best_epoch': 0, 'loss': -36.24540741920471, 'gradient_step': 586804, 'env_step': 18778126, 'rew': 89.164319662, 'bl_rew': 78.206318736, 'len': 12, 'n/ep': 50000, 'n/st': 647074, 'epoch': 29}
Epoch #30: test_reward: -88.931319 ± 22.811991, best_reward: -107.954536 ± 26.389528 in #0
{'test_reward': -88.93131939999999, 'test_reward_std': 22.811991405907193, 'best_reward': -107.95453610000001, 'best_reward_std': 26.389528140899905, 'best_epoch': 0, 'loss': -28.492803012132644, 'gradient_step': 607024, 'env_step': 19425188, 'rew': 88.02797933399998, 'bl_rew': 78.206318736, 'len': 12, 'n/ep': 50000, 'n/st': 647062, 'epoch': 30}
Epoch #31: test_reward: -88.137983 ± 22.705732, best_reward: -107.954536 ± 26.389528 in #0
{'test_reward': -88.137983194, 'test_reward_std': 22.705732494510592, 'best_reward': -107.95453610000001, 'best_reward_std': 26.389528140899905, 'best_epoch': 0, 'loss': -35.536487102508545, 'gradient_step': 627247, 'env_step': 20072349, 'rew': 89.13308701199999, 'bl_rew': 78.206318736, 'len': 12, 'n/ep': 50000, 'n/st': 647161, 'epoch': 31}
Epoch #32: test_reward: -88.331922 ± 22.918405, best_reward: -107.954536 ± 26.389528 in #0
{'test_reward': -88.33192189399999, 'test_reward_std': 22.918405062612162, 'best_reward': -107.95453610000001, 'best_reward_std': 26.389528140899905, 'best_epoch': 0, 'loss': -25.199479418992997, 'gradient_step': 647464, 'env_step': 20719296, 'rew': 88.21576236, 'bl_rew': 78.206318736, 'len': 12, 'n/ep': 50000, 'n/st': 646947, 'epoch': 32}
Epoch #33: test_reward: -88.284291 ± 22.879860, best_reward: -107.954536 ± 26.389528 in #0
{'test_reward': -88.28429052599998, 'test_reward_std': 22.879859621914083, 'best_reward': -107.95453610000001, 'best_reward_std': 26.389528140899905, 'best_epoch': 0, 'loss': -35.11510769844055, 'gradient_step': 667682, 'env_step': 21366274, 'rew': 88.51794536599999, 'bl_rew': 78.20631873600001, 'len': 12, 'n/ep': 50000, 'n/st': 646978, 'epoch': 33}
Epoch #34: test_reward: -88.399069 ± 22.962871, best_reward: -107.954536 ± 26.389528 in #0
{'test_reward': -88.399068692, 'test_reward_std': 22.962870911746148, 'best_reward': -107.95453610000001, 'best_reward_std': 26.389528140899905, 'best_epoch': 0, 'loss': -33.38334860503674, 'gradient_step': 687895, 'env_step': 22013095, 'rew': 88.47581005400001, 'bl_rew': 78.206318736, 'len': 12, 'n/ep': 50000, 'n/st': 646821, 'epoch': 34}
Epoch #35: test_reward: -87.215312 ± 22.821481, best_reward: -107.954536 ± 26.389528 in #0
{'test_reward': -87.215312222, 'test_reward_std': 22.82148114351489, 'best_reward': -107.95453610000001, 'best_reward_std': 26.389528140899905, 'best_epoch': 0, 'loss': -30.961521737873554, 'gradient_step': 708117, 'env_step': 22660199, 'rew': 88.49116669400001, 'bl_rew': 78.206318736, 'len': 12, 'n/ep': 50000, 'n/st': 647104, 'epoch': 35}
Epoch #36: test_reward: -88.116254 ± 22.730861, best_reward: -107.954536 ± 26.389528 in #0
{'test_reward': -88.116254238, 'test_reward_std': 22.7308610731038, 'best_reward': -107.95453610000001, 'best_reward_std': 26.389528140899905, 'best_epoch': 0, 'loss': -25.48644546031952, 'gradient_step': 728341, 'env_step': 23307382, 'rew': 87.243700768, 'bl_rew': 78.206318736, 'len': 12, 'n/ep': 50000, 'n/st': 647183, 'epoch': 36}
Epoch #37: test_reward: -87.472112 ± 23.021888, best_reward: -107.954536 ± 26.389528 in #0
{'test_reward': -87.47211192600001, 'test_reward_std': 23.021888389146028, 'best_reward': -107.95453610000001, 'best_reward_std': 26.389528140899905, 'best_epoch': 0, 'loss': -32.86567388046533, 'gradient_step': 748559, 'env_step': 23954377, 'rew': 88.507962274, 'bl_rew': 78.206318736, 'len': 12, 'n/ep': 50000, 'n/st': 646995, 'epoch': 37}
Epoch #38: test_reward: -88.060281 ± 22.816559, best_reward: -107.954536 ± 26.389528 in #0
{'test_reward': -88.060281238, 'test_reward_std': 22.816559081244048, 'best_reward': -107.95453610000001, 'best_reward_std': 26.389528140899905, 'best_epoch': 0, 'loss': -28.79317620873451, 'gradient_step': 768777, 'env_step': 24601356, 'rew': 87.714972526, 'bl_rew': 78.20631873599999, 'len': 12, 'n/ep': 50000, 'n/st': 646979, 'epoch': 38}
Epoch #39: test_reward: -87.145482 ± 22.650189, best_reward: -107.954536 ± 26.389528 in #0
{'test_reward': -87.145482194, 'test_reward_std': 22.650188578075547, 'best_reward': -107.95453610000001, 'best_reward_std': 26.389528140899905, 'best_epoch': 0, 'loss': -31.566694111824035, 'gradient_step': 788999, 'env_step': 25248469, 'rew': 88.183389146, 'bl_rew': 78.20631873599999, 'len': 12, 'n/ep': 50000, 'n/st': 647113, 'epoch': 39}
Epoch #40: test_reward: -88.757277 ± 22.933541, best_reward: -107.954536 ± 26.389528 in #0
{'test_reward': -88.75727726, 'test_reward_std': 22.933541377314437, 'best_reward': -107.95453610000001, 'best_reward_std': 26.389528140899905, 'best_epoch': 0, 'loss': -29.420009083747864, 'gradient_step': 809214, 'env_step': 25895357, 'rew': 87.320640386, 'bl_rew': 78.206318736, 'len': 12, 'n/ep': 50000, 'n/st': 646888, 'epoch': 40}
Epoch #41: test_reward: -88.101261 ± 22.726165, best_reward: -107.954536 ± 26.389528 in #0
{'test_reward': -88.10126123200001, 'test_reward_std': 22.72616450194017, 'best_reward': -107.95453610000001, 'best_reward_std': 26.389528140899905, 'best_epoch': 0, 'loss': -35.09785975694656, 'gradient_step': 829437, 'env_step': 26542496, 'rew': 88.84334376, 'bl_rew': 78.206318736, 'len': 12, 'n/ep': 50000, 'n/st': 647139, 'epoch': 41}
Epoch #42: test_reward: -89.315122 ± 22.926454, best_reward: -107.954536 ± 26.389528 in #0
{'test_reward': -89.315122456, 'test_reward_std': 22.926453998743977, 'best_reward': -107.95453610000001, 'best_reward_std': 26.389528140899905, 'best_epoch': 0, 'loss': -34.33775415658951, 'gradient_step': 849655, 'env_step': 27189498, 'rew': 88.32649037800002, 'bl_rew': 78.206318736, 'len': 12, 'n/ep': 50000, 'n/st': 647002, 'epoch': 42}
Epoch #43: test_reward: -88.110710 ± 23.202055, best_reward: -107.954536 ± 26.389528 in #0
{'test_reward': -88.110710164, 'test_reward_std': 23.202055066645503, 'best_reward': -107.95453610000001, 'best_reward_std': 26.389528140899905, 'best_epoch': 0, 'loss': -32.33187929868698, 'gradient_step': 869876, 'env_step': 27836586, 'rew': 89.42379888999999, 'bl_rew': 78.206318736, 'len': 12, 'n/ep': 50000, 'n/st': 647088, 'epoch': 43}
Epoch #44: test_reward: -88.800579 ± 22.881216, best_reward: -107.954536 ± 26.389528 in #0
{'test_reward': -88.80057874399999, 'test_reward_std': 22.881215766995986, 'best_reward': -107.95453610000001, 'best_reward_std': 26.389528140899905, 'best_epoch': 0, 'loss': -31.288583896160127, 'gradient_step': 890097, 'env_step': 28483660, 'rew': 88.10280636, 'bl_rew': 78.206318736, 'len': 12, 'n/ep': 50000, 'n/st': 647074, 'epoch': 44}
Epoch #45: test_reward: -87.813329 ± 23.124437, best_reward: -107.954536 ± 26.389528 in #0
{'test_reward': -87.813329244, 'test_reward_std': 23.124437381174452, 'best_reward': -107.95453610000001, 'best_reward_std': 26.389528140899905, 'best_epoch': 0, 'loss': -36.77307750940323, 'gradient_step': 910323, 'env_step': 29130915, 'rew': 88.965085608, 'bl_rew': 78.206318736, 'len': 12, 'n/ep': 50000, 'n/st': 647255, 'epoch': 45}
Epoch #46: test_reward: -88.805938 ± 22.907018, best_reward: -107.954536 ± 26.389528 in #0
{'test_reward': -88.805937606, 'test_reward_std': 22.90701767219926, 'best_reward': -107.95453610000001, 'best_reward_std': 26.389528140899905, 'best_epoch': 0, 'loss': -29.771265491843224, 'gradient_step': 930545, 'env_step': 29778020, 'rew': 87.79265282000001, 'bl_rew': 78.206318736, 'len': 12, 'n/ep': 50000, 'n/st': 647105, 'epoch': 46}
Epoch #47: test_reward: -87.809020 ± 23.144585, best_reward: -107.954536 ± 26.389528 in #0
{'test_reward': -87.8090204, 'test_reward_std': 23.144584671172666, 'best_reward': -107.95453610000001, 'best_reward_std': 26.389528140899905, 'best_epoch': 0, 'loss': -37.34000200986862, 'gradient_step': 950772, 'env_step': 30425294, 'rew': 88.85393520599999, 'bl_rew': 78.206318736, 'len': 12, 'n/ep': 50000, 'n/st': 647274, 'epoch': 47}
Epoch #48: test_reward: -88.342432 ± 22.586699, best_reward: -107.954536 ± 26.389528 in #0
{'test_reward': -88.34243188399998, 'test_reward_std': 22.586699490305584, 'best_reward': -107.95453610000001, 'best_reward_std': 26.389528140899905, 'best_epoch': 0, 'loss': -32.353697519302365, 'gradient_step': 970986, 'env_step': 31072159, 'rew': 87.916946994, 'bl_rew': 78.206318736, 'len': 12, 'n/ep': 50000, 'n/st': 646865, 'epoch': 48}
Epoch #49: test_reward: -87.850360 ± 23.128647, best_reward: -107.954536 ± 26.389528 in #0
{'test_reward': -87.85035978399999, 'test_reward_std': 23.128646737476224, 'best_reward': -107.95453610000001, 'best_reward_std': 26.389528140899905, 'best_epoch': 0, 'loss': -31.404876952171325, 'gradient_step': 991208, 'env_step': 31719265, 'rew': 88.57460724399999, 'bl_rew': 78.206318736, 'len': 12, 'n/ep': 50000, 'n/st': 647106, 'epoch': 49}
Epoch #50: test_reward: -89.046945 ± 23.025214, best_reward: -107.954536 ± 26.389528 in #0
{'test_reward': -89.04694546799999, 'test_reward_std': 23.025214021678554, 'best_reward': -107.95453610000001, 'best_reward_std': 26.389528140899905, 'best_epoch': 0, 'loss': -31.40670061945915, 'gradient_step': 1011426, 'env_step': 32366244, 'rew': 87.88868073399998, 'bl_rew': 78.20631873600001, 'len': 12, 'n/ep': 50000, 'n/st': 646979, 'epoch': 50}
Finished Training



Train Results: {'n/ep': 10000, 'n/st': 129563, 'rews': array([-84.6128, -91.1561, -84.2765, ..., -42.388 , -83.9508, -96.5127]), 'bl_rews': array([-161.295 , -143.1611, -145.9174, ...,  -84.3038, -110.72  ,
       -162.5832]), 'lens': array([11, 11, 11, ..., 14, 14, 14]), 'idxs': array([ 54766,  74066,  76166, ..., 998770, 999470, 999870]), 'rew': -89.05079472, 'bl_rew': -142.12417099999996, 'len': 12.9563, 'rew_std': 23.02659890064119, 'len_std': 0.5951388997536625}
Test Results: {'n/ep': 10000, 'n/st': 129563, 'rews': array([-84.6128, -91.1561, -84.2765, ..., -42.388 , -83.9508, -96.5127]), 'bl_rews': array([-161.295 , -143.1611, -145.9174, ...,  -84.3038, -110.72  ,
       -162.5832]), 'lens': array([11, 11, 11, ..., 14, 14, 14]), 'idxs': array([ 54766,  74066,  76166, ..., 998770, 999470, 999870]), 'rew': -89.05079472, 'bl_rew': -142.12417099999996, 'len': 12.9563, 'rew_std': 23.02659890064119, 'len_std': 0.5951388997536625}
